<?xml version="1.0" encoding="UTF-8"?>
<!-- Generated by org.testng.reporters.JUnitXMLReporter -->
<testsuite hostname="LAPTOP-1RVL5N9E" ignored="2" name="Test" tests="2" failures="0" timestamp="08 Jul 2020 12:38:47 GMT" time="37.324" errors="0">
  <testcase name="testValidLogin" time="4.316" classname="com.NewProject.testScript.LoginTest"/>
  <testcase name="testTillPaymentPage" time="12.054" classname="com.NewProject.testScript.TillPaymentPage"/>
  <testcase name="@BeforeTest beforeMethod" time="0.0" classname="com.NewProject.testBase.TestBase">
    <ignored/>
  </testcase> <!-- @BeforeTest beforeMethod -->
  <testcase name="@BeforeSuite beforeSuite" time="0.0" classname="com.NewProject.testBase.TestBase">
    <ignored/>
  </testcase> <!-- @BeforeSuite beforeSuite -->
</testsuite> <!-- Test -->
